0 info it worked if it ends with ok
1 verbose cli [ '/usr/bin/nodejs', '/usr/bin/npm', 'install', '-D', 'jasmime' ]
2 info using npm@2.14.12
3 info using node@v4.3.0
4 verbose config Skipping project config: /home/ragnarokkrr/.npmrc. (matches userconfig)
5 verbose install initial load of /home/ragnarokkrr/package.json
6 verbose installManyTop reading scoped package data from /home/ragnarokkrr/node_modules/assert/package.json
7 verbose installManyTop reading scoped package data from /home/ragnarokkrr/node_modules/basic-auth-connect/package.json
8 verbose installManyTop reading scoped package data from /home/ragnarokkrr/node_modules/bluebird/package.json
9 verbose installManyTop reading scoped package data from /home/ragnarokkrr/node_modules/body-parser/package.json
10 verbose installManyTop reading scoped package data from /home/ragnarokkrr/node_modules/connect/package.json
11 verbose installManyTop reading scoped package data from /home/ragnarokkrr/node_modules/connect-cookies/package.json
12 verbose installManyTop reading scoped package data from /home/ragnarokkrr/node_modules/connect-logger/package.json
13 verbose installManyTop reading scoped package data from /home/ragnarokkrr/node_modules/connect-query/package.json
14 verbose installManyTop reading scoped package data from /home/ragnarokkrr/node_modules/connect-session/package.json
15 verbose installManyTop reading scoped package data from /home/ragnarokkrr/node_modules/cookie-parser/package.json
16 verbose installManyTop reading scoped package data from /home/ragnarokkrr/node_modules/cookie-session/package.json
17 verbose installManyTop reading scoped package data from /home/ragnarokkrr/node_modules/cookies/package.json
18 verbose installManyTop reading scoped package data from /home/ragnarokkrr/node_modules/errorhandler/package.json
19 verbose installManyTop reading scoped package data from /home/ragnarokkrr/node_modules/express/package.json
20 verbose installManyTop reading scoped package data from /home/ragnarokkrr/node_modules/formidable/package.json
21 verbose installManyTop reading scoped package data from /home/ragnarokkrr/node_modules/htmlparser/package.json
22 verbose installManyTop reading scoped package data from /home/ragnarokkrr/node_modules/keygrip/package.json
23 verbose installManyTop reading scoped package data from /home/ragnarokkrr/node_modules/mongodb/package.json
24 verbose installManyTop reading scoped package data from /home/ragnarokkrr/node_modules/mongoose/package.json
25 verbose installManyTop reading scoped package data from /home/ragnarokkrr/node_modules/morgan/package.json
26 verbose installManyTop reading scoped package data from /home/ragnarokkrr/node_modules/mysql/package.json
27 verbose installManyTop reading scoped package data from /home/ragnarokkrr/node_modules/nimble/package.json
28 verbose installManyTop reading scoped package data from /home/ragnarokkrr/node_modules/q/package.json
29 verbose installManyTop reading scoped package data from /home/ragnarokkrr/node_modules/redis/package.json
30 verbose installManyTop reading scoped package data from /home/ragnarokkrr/node_modules/request/package.json
31 verbose installManyTop reading scoped package data from /home/ragnarokkrr/node_modules/rx/package.json
32 verbose installManyTop reading scoped package data from /home/ragnarokkrr/node_modules/rx-node/package.json
33 verbose installManyTop reading scoped package data from /home/ragnarokkrr/node_modules/serve-favicon/package.json
34 verbose installManyTop reading scoped package data from /home/ragnarokkrr/node_modules/serve-static/package.json
35 verbose installManyTop reading scoped package data from /home/ragnarokkrr/node_modules/vhost/package.json
36 info package.json connect-cookies@0.0.0 No license field.
37 info package.json keygrip@1.0.1 No license field.
38 info package.json q@1.4.1 license should be a valid SPDX license expression
39 info package.json formidable@1.0.17 No license field.
40 info package.json nimble@0.0.2 No license field.
41 info package.json htmlparser@1.7.7 No license field.
42 info package.json assert@1.3.0 assert is also the name of a node core module.
43 verbose readDependencies loading dependencies from /home/ragnarokkrr/package.json
44 silly cache add args [ 'jasmime', null ]
45 verbose cache add spec jasmime
46 silly cache add parsed spec Result {
46 silly cache add   raw: 'jasmime',
46 silly cache add   scope: null,
46 silly cache add   name: 'jasmime',
46 silly cache add   rawSpec: '',
46 silly cache add   spec: 'latest',
46 silly cache add   type: 'tag' }
47 silly addNamed jasmime@latest
48 verbose addNamed "latest" is being treated as a dist-tag for jasmime
49 info addNameTag [ 'jasmime', 'latest' ]
50 silly mapToRegistry name jasmime
51 silly mapToRegistry using default registry
52 silly mapToRegistry registry https://registry.npmjs.org/
53 silly mapToRegistry uri https://registry.npmjs.org/jasmime
54 verbose addNameTag registry:https://registry.npmjs.org/jasmime not in flight; fetching
55 verbose request uri https://registry.npmjs.org/jasmime
56 verbose request no auth needed
57 info attempt registry request try #1 at 2:23:28 PM
58 verbose request id ff4ce763e9752e3f
59 http request GET https://registry.npmjs.org/jasmime
60 http 404 https://registry.npmjs.org/jasmime
61 verbose headers { 'content-type': 'application/json',
61 verbose headers   'cache-control': 'max-age=0',
61 verbose headers   'content-length': '2',
61 verbose headers   'accept-ranges': 'bytes',
61 verbose headers   date: 'Thu, 17 Mar 2016 17:23:29 GMT',
61 verbose headers   via: '1.1 varnish',
61 verbose headers   age: '0',
61 verbose headers   connection: 'keep-alive',
61 verbose headers   'x-served-by': 'cache-atl6228-ATL',
61 verbose headers   'x-cache': 'MISS',
61 verbose headers   'x-cache-hits': '0',
61 verbose headers   'x-timer': 'S1458235409.243057,VS0,VE89' }
62 silly get cb [ 404,
62 silly get   { 'content-type': 'application/json',
62 silly get     'cache-control': 'max-age=0',
62 silly get     'content-length': '2',
62 silly get     'accept-ranges': 'bytes',
62 silly get     date: 'Thu, 17 Mar 2016 17:23:29 GMT',
62 silly get     via: '1.1 varnish',
62 silly get     age: '0',
62 silly get     connection: 'keep-alive',
62 silly get     'x-served-by': 'cache-atl6228-ATL',
62 silly get     'x-cache': 'MISS',
62 silly get     'x-cache-hits': '0',
62 silly get     'x-timer': 'S1458235409.243057,VS0,VE89' } ]
63 verbose stack Error: Registry returned 404 for GET on https://registry.npmjs.org/jasmime
63 verbose stack     at makeError (/usr/lib/node_modules/npm/node_modules/npm-registry-client/lib/request.js:264:12)
63 verbose stack     at CachingRegistryClient.<anonymous> (/usr/lib/node_modules/npm/node_modules/npm-registry-client/lib/request.js:242:14)
63 verbose stack     at Request._callback (/usr/lib/node_modules/npm/node_modules/npm-registry-client/lib/request.js:172:14)
63 verbose stack     at Request.self.callback (/usr/lib/node_modules/npm/node_modules/request/request.js:198:22)
63 verbose stack     at emitTwo (events.js:87:13)
63 verbose stack     at Request.emit (events.js:172:7)
63 verbose stack     at Request.<anonymous> (/usr/lib/node_modules/npm/node_modules/request/request.js:1082:10)
63 verbose stack     at emitOne (events.js:82:20)
63 verbose stack     at Request.emit (events.js:169:7)
63 verbose stack     at IncomingMessage.<anonymous> (/usr/lib/node_modules/npm/node_modules/request/request.js:1009:12)
64 verbose statusCode 404
65 verbose pkgid jasmime
66 verbose cwd /home/ragnarokkrr/prj/rgn_vm_containers/vagrant_node4
67 error Linux 4.3.0-040300-generic
68 error argv "/usr/bin/nodejs" "/usr/bin/npm" "install" "-D" "jasmime"
69 error node v4.3.0
70 error npm  v2.14.12
71 error code E404
72 error 404 Registry returned 404 for GET on https://registry.npmjs.org/jasmime
72 error 404
72 error 404 'jasmime' is not in the npm registry.
72 error 404 You should bug the author to publish it (or use the name yourself!)
72 error 404
72 error 404 Note that you can also install from a
72 error 404 tarball, folder, http url, or git url.
73 verbose exit [ 1, true ]
